
/home/runner/work/exp-tensile-test-iitd/exp-tensile-test-iitd/experiment/pretest.js
  18:18  warning  'letter' is not defined  no-undef
  22:73  warning  'letter' is not defined  no-undef
  23:13  warning  'letter' is not defined  no-undef
  24:37  warning  'letter' is not defined  no-undef

/home/runner/work/exp-tensile-test-iitd/exp-tensile-test-iitd/experiment/simulation/main.js
    14:10  warning  'navNext1' is defined but never used        no-unused-vars
    25:10  warning  'navNext1a' is defined but never used       no-unused-vars
    35:10  warning  'navNext2a' is defined but never used       no-unused-vars
    47:10  warning  'navNext2b' is defined but never used       no-unused-vars
    59:10  warning  'navNext2c' is defined but never used       no-unused-vars
    71:10  warning  'navNext2d' is defined but never used       no-unused-vars
    84:10  warning  'navNext2' is defined but never used        no-unused-vars
    96:10  warning  'navNext3a' is defined but never used       no-unused-vars
   109:10  warning  'navNext3c' is defined but never used       no-unused-vars
   138:10  warning  'navNext3d' is defined but never used       no-unused-vars
   148:10  warning  'navNext3e' is defined but never used       no-unused-vars
   173:10  warning  'navNext4' is defined but never used        no-unused-vars
   188:10  warning  'navNext5' is defined but never used        no-unused-vars
   222:10  warning  'navNext6' is defined but never used        no-unused-vars
   233:10  warning  'navNext7' is defined but never used        no-unused-vars
   244:10  warning  'navNext8' is defined but never used        no-unused-vars
   268:10  warning  'navNext9' is defined but never used        no-unused-vars
   289:10  warning  'navNext9a' is defined but never used       no-unused-vars
   300:10  warning  'navNext10' is defined but never used       no-unused-vars
   324:10  warning  'navNext11' is defined but never used       no-unused-vars
   343:10  warning  'navNext12' is defined but never used       no-unused-vars
   360:10  warning  'reset' is defined but never used           no-unused-vars
   386:10  warning  'agesizeIn' is defined but never used       no-unused-vars
   406:4   warning  Mixed spaces and tabs                       no-mixed-spaces-and-tabs
   422:10  warning  'calc1' is defined but never used           no-unused-vars
   440:10  warning  'calc2' is defined but never used           no-unused-vars
   458:10  warning  'calc3' is defined but never used           no-unused-vars
   476:10  warning  'ageIn' is defined but never used           no-unused-vars
   509:10  warning  'frequency' is defined but never used       no-unused-vars
   530:13  warning  'matsqr' is already defined                 no-redeclare
   531:13  warning  'natsqr' is already defined                 no-redeclare
   537:13  warning  'matsqr' is already defined                 no-redeclare
   538:13  warning  'natsqr' is already defined                 no-redeclare
   544:13  warning  'matsqr' is already defined                 no-redeclare
   545:13  warning  'natsqr' is already defined                 no-redeclare
   556:5   warning  'x2' is not defined                         no-undef
   557:13  warning  'x2' is not defined                         no-undef
   585:10  warning  'agesizeIn2' is defined but never used      no-unused-vars
   618:10  warning  'ageIn2' is defined but never used          no-unused-vars
   651:10  warning  'frequency2' is defined but never used      no-unused-vars
   672:13  warning  'matsqr' is already defined                 no-redeclare
   673:13  warning  'natsqr' is already defined                 no-redeclare
   679:13  warning  'matsqr' is already defined                 no-redeclare
   680:13  warning  'natsqr' is already defined                 no-redeclare
   686:13  warning  'matsqr' is already defined                 no-redeclare
   687:13  warning  'natsqr' is already defined                 no-redeclare
   698:5   warning  'x2' is not defined                         no-undef
   699:13  warning  'x2' is not defined                         no-undef
   727:10  warning  'agesizeIn3' is defined but never used      no-unused-vars
   760:10  warning  'ageIn3' is defined but never used          no-unused-vars
   793:10  warning  'frequency3' is defined but never used      no-unused-vars
   814:13  warning  'matsqr' is already defined                 no-redeclare
   815:13  warning  'natsqr' is already defined                 no-redeclare
   821:13  warning  'matsqr' is already defined                 no-redeclare
   822:13  warning  'natsqr' is already defined                 no-redeclare
   828:13  warning  'matsqr' is already defined                 no-redeclare
   829:13  warning  'natsqr' is already defined                 no-redeclare
   840:5   warning  'x2' is not defined                         no-undef
   841:13  warning  'x2' is not defined                         no-undef
  1449:10  warning  'tunnu' is defined but never used           no-unused-vars
  1456:27  warning  'size' is not defined                       no-undef
  1464:32  warning  'size' is not defined                       no-undef
  1487:10  warning  'submit11' is defined but never used        no-unused-vars
  1497:10  warning  'addbar1' is defined but never used         no-unused-vars
  1518:10  warning  'addmeasuretape' is defined but never used  no-unused-vars
  1542:10  warning  'measurelength' is defined but never used   no-unused-vars
  1568:10  warning  'addmarker1' is defined but never used      no-unused-vars
  1580:10  warning  'tickmarker1' is defined but never used     no-unused-vars
  1767:10  warning  'addpiler1' is defined but never used       no-unused-vars
  1806:10  warning  'movereber' is defined but never used       no-unused-vars
  1838:10  warning  'addvarniar1' is defined but never used     no-unused-vars
  1863:10  warning  'usevc1' is defined but never used          no-unused-vars
  1900:10  warning  'usevc2' is defined but never used          no-unused-vars
  1923:10  warning  'addgrip1' is defined but never used        no-unused-vars
  1942:10  warning  'fitgrip' is defined but never used         no-unused-vars
  1959:10  warning  'showgp1' is defined but never used         no-unused-vars
  1989:10  warning  'showgp2' is defined but never used         no-unused-vars
  2012:10  warning  'removeext1' is defined but never used      no-unused-vars
  2049:10  warning  'addreber' is defined but never used        no-unused-vars
  2071:10  warning  'fitmachine' is defined but never used      no-unused-vars
  2097:10  warning  'movepiler1' is defined but never used      no-unused-vars
  2115:10  warning  'movepiler2' is defined but never used      no-unused-vars
  2131:10  warning  'movebeam1' is defined but never used       no-unused-vars
  2148:10  warning  'addpiler2' is defined but never used       no-unused-vars
  2171:10  warning  'addbeam2' is defined but never used        no-unused-vars
  2188:10  warning  'movepiler1s2' is defined but never used    no-unused-vars
  2208:10  warning  'movepiler2s2' is defined but never used    no-unused-vars
  2227:10  warning  'movebeam2' is defined but never used       no-unused-vars
  2245:10  warning  'addpiler3' is defined but never used       no-unused-vars
  2268:10  warning  'addbeam3' is defined but never used        no-unused-vars
  2287:10  warning  'movepiler1s3' is defined but never used    no-unused-vars
  2307:10  warning  'movepiler2s3' is defined but never used    no-unused-vars
  2323:10  warning  'movebeam3' is defined but never used       no-unused-vars
  2341:10  warning  'submit12' is defined but never used        no-unused-vars
  2355:10  warning  'showgif' is defined but never used         no-unused-vars
  2373:10  warning  'submit21' is defined but never used        no-unused-vars
  2391:10  warning  'submit22' is defined but never used        no-unused-vars
  2411:10  warning  'showif2' is defined but never used         no-unused-vars
  2431:10  warning  'submit31' is defined but never used        no-unused-vars
  2449:10  warning  'submit32' is defined but never used        no-unused-vars
  2476:10  warning  'showgif3' is defined but never used        no-unused-vars
  2496:10  warning  'showgraph1' is defined but never used      no-unused-vars
  2501:9   warning  'Chartist' is not defined                   no-undef
  2629:10  warning  'showgraph2' is defined but never used      no-unused-vars
  2633:9   warning  'Chartist' is not defined                   no-undef

✖ 109 problems (0 errors, 109 warnings)

